<?xml version="1.0" encoding="UTF-8"?>
<!-- Generated by org.testng.reporters.JUnitXMLReporter -->
<testsuite ignored="0" hostname="LAPTOP-BTE0Q6G2" failures="0" tests="3" name="Default test" time="70.571" errors="0" timestamp="22 May 2023 20:01:32 GMT">
  <testcase classname="com.crm.qa.testcases.HomePageTest" name="verifyHomePageTitleTest1" time="0.012"/>
  <testcase classname="com.crm.qa.testcases.HomePageTest" name="verifyUserNameTest" time="0.066"/>
  <testcase classname="com.crm.qa.testcases.HomePageTest" name="verifyContactslinkTest" time="3.382"/>
</testsuite> <!-- Default test -->
