<?xml version="1.0" encoding="UTF-8"?>
<testng-results ignored="0" total="3" passed="3" failed="0" skipped="0">
  <reporter-output>
  </reporter-output>
  <suite started-at="2023-05-22T20:00:21Z" name="Default suite" finished-at="2023-05-22T20:01:32Z" duration-ms="70571">
    <groups>
    </groups>
    <test started-at="2023-05-22T20:00:21Z" name="Default test" finished-at="2023-05-22T20:01:32Z" duration-ms="70571">
      <class name="com.crm.qa.testcases.HomePageTest">
        <test-method is-config="true" signature="setup()[pri:0, instance:com.crm.qa.testcases.HomePageTest@6e005dc9]" started-at="2023-05-22T20:00:21Z" name="setup" finished-at="2023-05-22T20:00:46Z" duration-ms="24373" status="PASS">
          <reporter-output>
          </reporter-output>
        </test-method> <!-- setup -->
        <test-method signature="verifyHomePageTitleTest1()[pri:1, instance:com.crm.qa.testcases.HomePageTest@6e005dc9]" started-at="2023-05-22T20:00:46Z" name="verifyHomePageTitleTest1" finished-at="2023-05-22T20:00:46Z" duration-ms="12" status="PASS">
          <reporter-output>
          </reporter-output>
        </test-method> <!-- verifyHomePageTitleTest1 -->
        <test-method is-config="true" signature="tearDown()[pri:0, instance:com.crm.qa.testcases.HomePageTest@6e005dc9]" started-at="2023-05-22T20:00:46Z" name="tearDown" finished-at="2023-05-22T20:00:46Z" duration-ms="304" status="PASS">
          <reporter-output>
          </reporter-output>
        </test-method> <!-- tearDown -->
        <test-method is-config="true" signature="setup()[pri:0, instance:com.crm.qa.testcases.HomePageTest@6e005dc9]" started-at="2023-05-22T20:00:46Z" name="setup" finished-at="2023-05-22T20:01:07Z" duration-ms="21070" status="PASS">
          <reporter-output>
          </reporter-output>
        </test-method> <!-- setup -->
        <test-method signature="verifyUserNameTest()[pri:2, instance:com.crm.qa.testcases.HomePageTest@6e005dc9]" started-at="2023-05-22T20:01:07Z" name="verifyUserNameTest" finished-at="2023-05-22T20:01:07Z" duration-ms="66" status="PASS">
          <reporter-output>
          </reporter-output>
        </test-method> <!-- verifyUserNameTest -->
        <test-method is-config="true" signature="tearDown()[pri:0, instance:com.crm.qa.testcases.HomePageTest@6e005dc9]" started-at="2023-05-22T20:01:07Z" name="tearDown" finished-at="2023-05-22T20:01:07Z" duration-ms="190" status="PASS">
          <reporter-output>
          </reporter-output>
        </test-method> <!-- tearDown -->
        <test-method is-config="true" signature="setup()[pri:0, instance:com.crm.qa.testcases.HomePageTest@6e005dc9]" started-at="2023-05-22T20:01:07Z" name="setup" finished-at="2023-05-22T20:01:28Z" duration-ms="20912" status="PASS">
          <reporter-output>
          </reporter-output>
        </test-method> <!-- setup -->
        <test-method signature="verifyContactslinkTest()[pri:3, instance:com.crm.qa.testcases.HomePageTest@6e005dc9]" started-at="2023-05-22T20:01:28Z" name="verifyContactslinkTest" finished-at="2023-05-22T20:01:31Z" duration-ms="3382" status="PASS">
          <reporter-output>
          </reporter-output>
        </test-method> <!-- verifyContactslinkTest -->
        <test-method is-config="true" signature="tearDown()[pri:0, instance:com.crm.qa.testcases.HomePageTest@6e005dc9]" started-at="2023-05-22T20:01:31Z" name="tearDown" finished-at="2023-05-22T20:01:32Z" duration-ms="245" status="PASS">
          <reporter-output>
          </reporter-output>
        </test-method> <!-- tearDown -->
      </class> <!-- com.crm.qa.testcases.HomePageTest -->
    </test> <!-- Default test -->
  </suite> <!-- Default suite -->
</testng-results>
